app/build/intermediates/manifest_merge_blame_file/debug/processDebugMainManifest/manifest-merger-blame-debug-report.txt
1<?xml version="1.0" encoding="utf-8"?>
2<manifest xmlns:android="http://schemas.android.com/apk/res/android"
3    package="ro.pub.cs.systems.eim.lab10.siplinphone"
4    android:versionCode="1"
5    android:versionName="1.0" >
6
7    <uses-sdk
8        android:minSdkVersion="23"
9        android:targetSdkVersion="30" />
10
11    <!-- SDK required permissions -->
12    <uses-permission android:name="android.permission.INTERNET" />
12-->[org.linphone:linphone-sdk-android:5.0.71] AndroidManifest.xml:12:5-67
12-->[org.linphone:linphone-sdk-android:5.0.71] AndroidManifest.xml:12:22-64
13    <uses-permission android:name="android.permission.RECORD_AUDIO" />
13-->[org.linphone:linphone-sdk-android:5.0.71] AndroidManifest.xml:13:5-71
13-->[org.linphone:linphone-sdk-android:5.0.71] AndroidManifest.xml:13:22-68
14    <uses-permission android:name="android.permission.ACCESS_NETWORK_STATE" />
14-->[org.linphone:linphone-sdk-android:5.0.71] AndroidManifest.xml:14:5-79
14-->[org.linphone:linphone-sdk-android:5.0.71] AndroidManifest.xml:14:22-76
15    <uses-permission android:name="android.permission.FOREGROUND_SERVICE" />
15-->[org.linphone:linphone-sdk-android:5.0.71] AndroidManifest.xml:15:5-77
15-->[org.linphone:linphone-sdk-android:5.0.71] AndroidManifest.xml:15:22-74
16    <uses-permission android:name="android.permission.WAKE_LOCK" /> <!-- Needed to be able to use WifiManager.MulticastLock -->
16-->[org.linphone:linphone-sdk-android:5.0.71] AndroidManifest.xml:16:5-68
16-->[org.linphone:linphone-sdk-android:5.0.71] AndroidManifest.xml:16:22-65
17    <uses-permission android:name="android.permission.CHANGE_WIFI_MULTICAST_STATE" />
17-->[org.linphone:linphone-sdk-android:5.0.71] AndroidManifest.xml:18:5-86
17-->[org.linphone:linphone-sdk-android:5.0.71] AndroidManifest.xml:18:22-83
18    <uses-permission android:name="android.permission.CAMERA" /> <!-- Needed to allow Linphone to install on tablets, since android.permission.CAMERA implies android.hardware.camera and android.hardware.camera.autofocus are required -->
18-->[org.linphone:linphone-sdk-android:5.0.71] AndroidManifest.xml:19:5-65
18-->[org.linphone:linphone-sdk-android:5.0.71] AndroidManifest.xml:19:22-62
19    <uses-feature
19-->[org.linphone:linphone-sdk-android:5.0.71] AndroidManifest.xml:21:5-23:36
20        android:name="android.hardware.camera"
20-->[org.linphone:linphone-sdk-android:5.0.71] AndroidManifest.xml:22:9-47
21        android:required="false" /> <!-- Needed for bluetooth -->
21-->[org.linphone:linphone-sdk-android:5.0.71] AndroidManifest.xml:23:9-33
22    <uses-permission android:name="android.permission.BLUETOOTH" /> <!-- Needed for bluetooth headset -->
22-->[org.linphone:linphone-sdk-android:5.0.71] AndroidManifest.xml:25:5-68
22-->[org.linphone:linphone-sdk-android:5.0.71] AndroidManifest.xml:25:22-65
23    <uses-permission android:name="android.permission.MODIFY_AUDIO_SETTINGS" /> <!-- To vibrate while incoming call -->
23-->[org.linphone:linphone-sdk-android:5.0.71] AndroidManifest.xml:27:5-80
23-->[org.linphone:linphone-sdk-android:5.0.71] AndroidManifest.xml:27:22-77
24    <uses-permission android:name="android.permission.VIBRATE" />
24-->[org.linphone:linphone-sdk-android:5.0.71] AndroidManifest.xml:29:5-66
24-->[org.linphone:linphone-sdk-android:5.0.71] AndroidManifest.xml:29:22-63
25
26    <application
26-->src\main\AndroidManifest.xml:4:5-21:19
27        android:allowBackup="true"
27-->src\main\AndroidManifest.xml:5:9-35
28        android:appComponentFactory="androidx.core.app.CoreComponentFactory"
28-->[androidx.core:core:1.3.2] AndroidManifest.xml:24:18-86
29        android:debuggable="true"
30        android:extractNativeLibs="false"
31        android:icon="@mipmap/ic_launcher"
31-->src\main\AndroidManifest.xml:6:9-43
32        android:label="@string/app_name"
32-->src\main\AndroidManifest.xml:7:9-41
33        android:roundIcon="@mipmap/ic_launcher_round"
33-->src\main\AndroidManifest.xml:8:9-54
34        android:supportsRtl="true"
34-->src\main\AndroidManifest.xml:9:9-35
35        android:testOnly="true"
36        android:theme="@style/Theme.AppCompat.Light" >
36-->src\main\AndroidManifest.xml:10:2-46
37        <activity android:name="ro.pub.cs.systems.eim.lab10.siplinphone.MainActivity" >
37-->src\main\AndroidManifest.xml:12:9-19:20
37-->src\main\AndroidManifest.xml:13:13-41
38            <intent-filter>
38-->src\main\AndroidManifest.xml:14:13-17:29
39                <action android:name="android.intent.action.MAIN" />
39-->src\main\AndroidManifest.xml:15:17-69
39-->src\main\AndroidManifest.xml:15:25-66
40
41                <category android:name="android.intent.category.LAUNCHER" />
41-->src\main\AndroidManifest.xml:16:17-77
41-->src\main\AndroidManifest.xml:16:27-74
42            </intent-filter>
43        </activity>
44    </application>
45
46</manifest>